[  0.00000]Iniaizincgroup ubsys cus
   00000Initiaizg roup susycp
  .00000Iniaizincgupsubs cact
[  00000] nuvesion.4-24-geri(buid@w0-12)gcvesion.3 21604 (unu 5.1-ubntu2) #43-UbtuMPWed n 1927:3UT206 (Unt4..0-243ener 4.1)
[  00000] mmd lineBO_IMA=/otvmliz-4.-24-nec oot=BEcludimg-ot ro nse=ty1 coolttyS
[  .00000 KNEL suord cp:    0.00]   teGeuinete
[   0.00]   D thntAM
[   0.000   Cta Cntauau
    0.00] x8fp xtate_ose2]: 76xsate_sis[:  2
  0.0000] 6/fp: Supptig XSAVfeure 01'x7 floangointegtes'
[  00000] 6/u:SupporngXSAVfeure 02'SE rests'
[  00000] 6/u:SupporngSAVEeare0x: VXregists'
[  0.000] 6/fp Enaedstte ftus x7coex sizis32bys,sig 'sndd'fort.[[  0.0000x8fp: Usin'ly' F ctet swch.
[  00000]82 BOS-ovedphysic R map
[  .00000 BIO-e82 [m 0x000000000-000000009ff] ubl
[   0.000 BIOe8: mem 0x000000fc-00000000000fff]esve
[   .0000]BI-e20: [m 0000000f000-0x0000000ff rserved[    0.000 BIOe8: mem 00000001000-000000feff ubl
[  00000] BI-e0: [m 00000003f00-0x0000fffffff]CP dat
[  .000 BOS-e82 [m 0x0000ffc00-0000000ffff] reserd
[  00000]X xeute Dibl proctn:active[   0.00] MBIOS 5 esen
  0.0000] pervoretct: M
[  0.0000e8: ast_n 0xfff0maarh_pf= 400000[    0.00000 x86ATCofiguti [-7]WBWC UC-C B WC  -   
[  0.000] MR:isbled
  0.0000 C MRRalblnk -iralzed syem
[  0.000] foud P P-tae  [emx09ff0-000ff] maped at ffff0009ff
  0.0000Scnning ars folomeory coupon
[  00000 RDIK: [m 37b0000x3cfff
  0.0000ACI: Elyabe ecumvericaon dabd
[  0.0000ACI: RDP 0x0000000E0000 00 (v02 VOX)
[  00000] APIXST 0x00003FFF003 003 (v01 BO  BOXXT 00001SL0000061)[  0.000 API: CPx000003F000 00F4v0 VBOX VXFACP 0000 ASL000061)
[   00000] APIDST 0x0000FFF700206 (01BO   VBXBS 000002NT201608
[   0.00] CPI:AC0x000003F000 000
   0.00000ACI: FAS 000000FF20 0000    .000 ACP AC x00000003F024000C v02VB  BOXAC 00001 ASL 00061)[  00000ACI: ST 0000003F02A0 01 (01 VX VBOXUT000002 IL 1601)    0.00] NoUMcofiguraonound[  0.000000] Fing a det mem 0x00000000-00000003fffff
[  .00000 NE_DA(0alocated[m 03ffe00x3feffff
[  0.00] vm-clok:sig ms 46401 andb5d00  0.0000kv-clo: u , msr :3ff001, pma cpulo
    0000 kvm-cckusinscd ffset  221198 cls
[  0.0000] ocourc k-cock:as 0fffffffffffmacyle 0cd2e4db,axidles:81905983s
[  000000] Zo rges:[  0.0000] DMA  [mm 0x000000010-0000000fff]
[  00000] DM2   [m 000000000000x00003fefff
  0.0000  orma  pt
[  00000] Dece  emy[    0000] Mab zne sta f each nde[   .000] Ealyemry nodraes
[  00000]   de 0: emx00000000000-000000009ef][   .000]   no  : [m 000000001000x000000feffff
[  0.0000Initm tu nod0 em0x0000000010-00000003feff]
[  00000] APIPMimer IPo: 0x08[   .000] IOAIC]:pic_id , rson 17,ddss 0ec00, GSI0-
   0.000] CPI:INT_C_VR (bu 0usirq 0 gob_iq 2 df d)
[  00000]AC: NT_SC_R us 0 buir9 globl_rq high ev)
[  .0000] UngCPI AD fr SMP onguatio ioratio
[  0000000 sbo: Allong CPUs,0 otpl CPUs[  0.000 P: Regited osav mor [mem 000000x000ff]
[   0.0000PMReisterenove mor [em 0x09f0-0x09ff
[   .0000]M:egsteredose mery[mm 0x0000-0x0eff]
[  00000] : gited sae mery[mm 00000-0x0fff
[   .0000] 20[memx40000-0ffff] avaiblfor I vies
  0.0000 Btig paavtuized kneon K
  0.0000clcksour: finejiie: mask0xffff m_ccles: ffffffmaide_ns: 45960015 n
[  00000] stupecpu: N_CS:56 nr_puskbits:2 ncpu_ids2 _nde_is:
[   .00000PECPU: mbde33 page/c @fff88003c000s9808 19 d286810576
[   00000]PVsplock hah bl entes25 (order 0406 byes
[   .0000]uilt1 neiss  Ne orr,oblityroin on.  ot pes: 2513
[   00000 PiczoneDMA32
[   0.0000 Krnelcoan lneBO_IMA=/otvmlinu-4.024-gnec ot=LABL=ouimg-ot r conoltt conso=tS0
  0.0000PIhah tablenies:09(oder: 3328 bys)[   .000] Mery: 05348K0420K avlae 8361K rn cod 18Krwdata39K rota140K ini 12K b, 77K reseed0K c-rered)
[  00000] UB: aln=4, Oer-3 MinObct0, Cs= Ndes=1   0.000] HierchalRCU plenation.[   0.00] Build-medjusenofleaf fouto 6
  0.0000] CU rtrtig CPUsroNR_CS=6 o _c_is=2.[   0.000]CU: Adusnggeomryorrcu_faoulef=64, r_u_ds=2[   0.0000NR_IRQS160 r_irs:0 6
[   0.000] Cso: olour GA8025
  0.00000]onle [y1enbled
[  00000 csoe [ttyS] abed
  0.00000] tsc: Detected 3099.832 MHz processor
[   27.070414] Calibrating delay loop (skipped) preset value.. 6199.66 BogoMIPS (lpj=12399328)
[   27.270847] pid_max: default: 32768 minimum: 301
[   27.361791] ACPI: Core revision 20150930
[   27.438006] ACPI: 2 ACPI AML tables successfully acquired and loaded
[   27.585825] Security Framework initialized
[   27.673434] Yama: becoming mindful.
[   27.762078] AppArmor: AppArmor initialized
[   27.859445] Dentry cache hash table entries: 131072 (order: 8, 1048576 bytes)
[   28.008071] Inode-cache hash table entries: 65536 (order: 7, 524288 bytes)
[   28.205513] Mount-cache hash table entries: 2048 (order: 2, 16384 bytes)
[   28.404806] Mountpoint-cache hash table entries: 2048 (order: 2, 16384 bytes)
[   28.615633] Initializing cgroup subsys io
[   28.732996] Initializing cgroup subsys memory
[   28.863344] Initializing cgroup subsys devices
[   28.993253] Initializing cgroup subsys freezer
[   29.109241] Initializing cgroup subsys net_cls
[   29.245829] Initializing cgroup subsys perf_event
[   29.383562] Initializing cgroup subsys net_prio
[   29.516768] Initializing cgroup subsys hugetlb
[   29.642007] Initializing cgroup subsys pids
[   29.759126] CPU: Physical Processor ID: 0
[   29.861747] CPU: Processor Core ID: 0
[   29.969068] mce: CPU supports 0 MCE banks
[   30.083709] Last level iTLB entries: 4KB 64, 2MB 8, 4MB 8
[   30.237071] Last level dTLB entries: 4KB 64, 2MB 0, 4MB 0, 1GB 4
[   30.417607] Freeing SMP alternatives memory: 28K (ffffffff820b3000 - ffffffff820ba000)
[   30.660990] ftrace: allocating 31907 entries in 125 pages
[   30.850288] smpboot: Max logical packages: 1
[   30.973469] smpboot: APIC(0) Converting physical 0 to logical package 0
[   31.169466] ..TIMER: vector=0x30 apic1=0 pin1=2 apic2=-1 pin2=-1
[   31.449587] smpboot: CPU0: Intel(R) Core(TM) i7-5557U CPU @ 3.10GHz (family: 0x6, model: 0x3d, stepping: 0x4)
[   31.728354] Performance Events: unsupported p6 CPU model 61 no PMU driver, software events only.
[   31.984201] KVM setup paravirtual spinlock
[   32.107459] x86: Booting SMP configuration:
[   32.221955] .... node  #0, CPUs:      #1
[   32.323206] kvm-clock: cpu 1, msr 0:3ffe7041, secondary cpu clock
[   32.486095] mce: CPU supports 0 MCE banks
[   32.559158] x86: Booted up 1 node, 2 CPUs
[   32.672709] smpboot: Total of 2 processors activated (12399.32 BogoMIPS)
[   32.874474] devtmpfs: initialized
[   32.966522] evm: security.selinux
[   33.037070] evm: security.SMACK64
[   33.101117] evm: security.SMACK64EXEC
[   33.202499] evm: security.SMACK64TRANSMUTE
[   33.320812] evm: security.SMACK64MMAP
[   33.415730] evm: security.ima
[   33.501191] evm: security.capability
[   33.608073] clocksource: jiffies: mask: 0xffffffff max_cycles: 0xffffffff, max_idle_ns: 7645041785100000 ns
[   33.886033] pinctrl core: initialized pinctrl subsystem
[   34.012964] RTC time:  0:30:46, date: 06/28/16
[   34.122036] NET: Registered protocol family 16
[   34.233238] cpuidle: using governor ladder
[   34.349824] cpuidle: using governor menu
[   34.407126] PCCT header not found.
[   34.464020] ACPI: bus type PCI registered
[   34.562425] acpiphp: ACPI Hot Plug PCI Controller Driver version: 0.5
[   34.724345] PCI: Using configuration type 1 for base access
[   34.882410] ACPI: Added _OSI(Module Device)
[   34.988111] ACPI: Added _OSI(Processor Device)
[   35.079779] ACPI: Added _OSI(3.0 _SCP Extensions)
[   35.183423] ACPI: Added _OSI(Processor Aggregator Device)
[   35.318924] ACPI: Executed 1 blocks of module-level executable AML code
[   35.502100] ACPI: Interpreter enabled
[   35.609496] ACPI Exception: AE_NOT_FOUND, While evaluating Sleep State [\_S1_] (20150930/hwxface-580)
[   35.877031] ACPI Exception: AE_NOT_FOUND, While evaluating Sleep State [\_S2_] (20150930/hwxface-580)
[   36.127568] ACPI Exception: AE_NOT_FOUND, While evaluating Sleep State [\_S3_] (20150930/hwxface-580)
[   36.349874] ACPI Exception: AE_NOT_FOUND, While evaluating Sleep State [\_S4_] (20150930/hwxface-580)
[   36.593834] ACPI: (supports S0 S5)
[   36.694553] ACPI: Using IOAPIC for interrupt routing
[   36.843040] PCI: Using host bridge windows from ACPI; if necessary, use "pci=nocrs" and report a bug
[   37.110010] ACPI: PCI Root Bridge [PCI0] (domain 0000 [bus 00-ff])
[   37.293487] acpi PNP0A03:00: _OSC: OS supports [ASPM ClockPM Segments MSI]
[   37.497974] acpi PNP0A03:00: _OSC failed (AE_NOT_FOUND); disabling ASPM
[   37.637970] acpi PNP0A03:00: fail to add MMCONFIG information, can't access extended PCI configuration space under this bridge.
[   37.955992] PCI host bridge to bus 0000:00
[   38.052460] pci_bus 0000:00: root bus resource [io  0x0000-0x0cf7 window]
[   38.202417] pci_bus 0000:00: root bus resource [io  0x0d00-0xffff window]
[   38.383791] pci_bus 0000:00: root bus resource [mem 0x000a0000-0x000bffff window]
[   38.587512] pci_bus 0000:00: root bus resource [mem 0x40000000-0xffdfffff window]
[   38.783819] pci_bus 0000:00: root bus resource [bus 00-ff]
[   38.948269] pci 0000:00:01.1: legacy IDE quirk: reg 0x10: [io  0x01f0-0x01f7]
[   39.157255] pci 0000:00:01.1: legacy IDE quirk: reg 0x14: [io  0x03f6]
[   39.353312] pci 0000:00:01.1: legacy IDE quirk: reg 0x18: [io  0x0170-0x0177]
[   39.564019] pci 0000:00:01.1: legacy IDE quirk: reg 0x1c: [io  0x0376]
[   39.765426] ACPI: PCI Interrupt Link [LNKA] (IRQs 5 9 10 11) *0, disabled.
[   39.923098] ACPI: PCI Interrupt Link [LNKB] (IRQs 5 9 10 *11)
[   40.046630] ACPI: PCI Interrupt Link [LNKC] (IRQs 5 9 *10 11)
[   40.151828] ACPI: PCI Interrupt Link [LNKD] (IRQs 5 *9 10 11)
[   40.286653] ACPI: Enabled 2 GPEs in block 00 to 07
[   40.401628] vgaarb: setting as boot device: PCI:0000:00:02.0
[   40.543454] vgaarb: device added: PCI:0000:00:02.0,decodes=io+mem,owns=io+mem,locks=none
[   40.728497] vgaarb: loaded
[   40.776702] vgaarb: bridge control possible 0000:00:02.0
[   40.887020] SCSI subsystem initialized
[   40.982696] ACPI: bus type USB registered
[   41.069021] usbcore: registered new interface driver usbfs
[   41.206123] usbcore: registered new interface driver hub
[   41.336141] usbcore: registered new device driver usb
[   41.469133] PCI: Using ACPI for IRQ routing
[   41.568599] NetLabel: Initializing
[   41.647319] NetLabel:  domain hash size = 128
[   41.752558] NetLabel:  protocols = UNLABELED CIPSOv4
[   41.847178] NetLabel:  unlabeled traffic allowed by default
[   41.980841] clocksource: Switched to clocksource kvm-clock
[   42.117418] AppArmor: AppArmor Filesystem Enabled
[ 42509]npPnAC it  2.36] p:nPCP fnd dics
[   33.199632] clocksource: acp__mm  aakk  xxffffffmmxxccccee:: 0xffffff, max_idle_ns: 208570102  ss

[   43.929233] NET: Registered rrttocol family 2
[   44.290952] TCP established hash table entries: 8192 (order: 4, 65536 bytes)
[   45.059156  TCP bind hash tall  entries: 8192 (order: 5, 131072 bytes)
[   45.71089]]TTPP: Hash tables configured (established 8192 bnn  8192)
[   46.370921] UDP hash table entries: 512 (order: 2, 16384 bytes)
[   46.990863] UDP-Lite hash tabeeeentries: 512 (order: 2, 16384 bytes)

[   47.556880] NET: Registeredppootocol family 1
[   47.850867] pci 0000:0000..::LLmmttnn  iieettPPII/PCI taassfers
[   48.380910] pci 0000:00:01.0: Activating ISA DMA hang workarounds
[   48.741385  Trying to nnaakkrrooff  mmgg  ssiiiirrmmss..
[   50.283913] Freeing initrd memory: 7296K (ffff8800371b0000 - ffff8800378d0000)
[   50.460062] RAPL PMU detected, API unit is 2^-32 Joules, 4 fixed counters 10737418240 ms ovfl timer
[   50.725574] hw unit of domain pp0-core 2^-0 Joules
[   50.871082] hw unit of domain package 2^-0 Joules
[   50.999703] hw unit of domain dram 2^-0 Joules
[   51.092966] hw unit of domain pp1-gpu 2^-0 Joules
[   51.226216] platform rtc_cmos: registered platform RTC deiice (ooPPPPddvvice found)
[   51.951152] Scanning for low memory corruption every 60 seconds
[   52.581003] tsc: Refine  SSC clocksource calibration: 3098.966MMHz
[   33220011]]ccookkoorree  ss::mmss::00xffffffffffffffff max_cycles: 0x2aa3344dd88  aa__ddle_ns: 440795327398 ns
[   54.271404] futex hash table entries: 512 (order: 3, 32768 bytes)
[   54.449621] audit: initializing netlink subsys (disabled)
[   54.610105] audit: type=2000 audit(1467073830.841)iniaze

[   55.033246] Initialise system trusted keyring
[   55.159358] HugeTLB registered 2 MB page size, pre-allocated 0 pages
[   55.350201] zbud: loaded
[   55.424014] VFS: Disk quotas dquot_6.6.0
[   55.539443] VFS: Dquot-cache hash table entries: 512 (order 0, 4096 bytes)
[   55.74499]] fuse init (API eession 7.23)
[   56.031055] Key type big_key registered
[   56.330932] Allocating IMA MOK and blacklist keyrings.
[   56.762333] Key typ  ssmmeerrccrregistered
[   771130900] Asymmetric ke  aassrr''5599  eeiittrrdd

[   57.630535] Block lyyer SCSI generic (bsg) driver version 0.4 loaded (major 249)
[   58.201281] io scheduler noop registered
[   58.390929] io scheduler deadline registered (default)
[   58.730966] io schedule  ff  regittrred
[   59.030985] pci_hotplug  CCI Hot Plug PCI Core versoo:: 055
[   59.62095]]ppiihh::PPCIEEppeess Hot Plug Cottroller Driver version: 0.4
[   60.269013] ACPI: AC Adapter [AC] (off-line
[   60.736988] input: Power Buttonaa  /devices/LNXSYSTM:00/LNXPWRBN:00/input/input0
[   61.481181] ACPI: Power Button [PWRF]
[   61.80088]]iipptt  llee  Button as /devices/LNXSYSTM:00/LNXSLPB::00/input/input1
[   62.471199]AAPPI: Sleep Button [SLPF]
[   62.731199] GHES: HEST is not enabled!
[   62.731655] ACPI: Battery Slot [BAT0] (battery present)
[   63.26455]] Serial: 8250/16550 driver, 32 ports, IRQ saaiiggeeaalldd

ÿ[  66..557798] 00:02: tyy00 at I/O 0x3f8 (irq = 4, base_baud = 115200) is a 1655AA

[   64.350178] Linux agpgart ittrrface v0.103
[   64.633489] brd: module loaded
[   64.802271] loop: module loaded
[   65.051562] scsi host0: ata_piix
[   65.251199] scsi host1:aaaa_piix
[   65.540970] ata1: PATA max UDMA/33 cdd00x1f0 ctl 0x3f6 bmdma 0xd000 irq 14
[   66.171014] ata2: PATA aa  DDAA33  mmd 0x170 ctl xx776 bmdma 0xd008 irq 15
[   66.801173] libphy: Fixed MDIO Bus: probed
[   67.060963] tun: Universal TUN/TAP device driver, 1.6
[   67.39088]]ttnn  CC  1999-2004 Max Krasnyansky <mxxk@qualcomm.com>
[   77.881096] PPPggnnrrccddiiee  eessoo  ....
[   68.310531] ehci_hcd: USB 2.0 'Enhanced' Host Controller (EHCI) Driver
[   68.737019] ehci-pii: EHCI PCI platform driver
[   69.111001] ehci-platform: EHCI generic platfor  driver
[   69.691034]oocci_hc::UUBB1111''ppnn  oottCCnnrrllee  OOCCI) Driver
[   70.361052] ohci-pci: OHCI PCI platformddiiver
[   70880077]]oocc--llttoomm  HHCI generic platform driver
[   11441177]]uucc__cc::UUBBUUiiversal Host Controller Interface driver
[   72.024990] i8042: PNP: PS/2 Controller [PNP0303:PSKKPPNP0f03:PS2M] at 0x0000x64 irq 1,12
[   72.871745] serio: i8042 KBD port at 0x60,0x64 irq 1
[   33331199]]ssrrio: i804  UUX port at 0x60,0x64 irq 12
[   73.857111] mousedev: PS/2mmuuse device common for all mice
[   74.431505] rtc_cmos rtc_cmos: rtc core: reiittered rtc_cmos as rtc0
[   75.091229] input: AT Translaee  ee    eebbaaddaa  ddvvices/platform/i8042/serio0iipptt/input2
[   76.01199]]rrccccoos rtc_cmos: alarms up to one day, 114 bytes nvram
[   76.611106] i2c /dev entree  rrvvrr

[   76.989378] device-mapper: uevent: version 1.0.3
[   77.202211] device-mapper: ioct::4433..--oott  2211--0022))iiiiiillssed: dm-devel@redhat.com
[   78.081379] ledtrigccuu: registered to indicate activity on CPUs
[   88558833]]NNTT  eeiittrrdd poooooo  aaiiyy11
[   79.070447] NET: Regittrrddppooooool family 17
[   79.50122]]KKyyttpp  nn__eeoovvrrrregsseeee
[   79.969727] microcode: CPU0 sig=0x306d4, pf=0x40, revision=0x0
[   80.12037]] microcode: CPU1 sig=0x306d4, pf=0x40, revision=0x0
[   80.400992] microcode: Mirrocode Update Driver: v2.01 <tigran@avvzzian.fsnet.co.uk>, Peter Oruba
[   80.812264] registered taskstats version 1
[   80.957739] Loading compiled-in X.509 certificates
[   81.191920] Loaded X.509 cert 'Build time autogenerated kernel key: 73e2b8be326740e2e7feadd5601517c5df343108'
[   81.610442] zswap: loaded using pool lzo/zbud
[   81.767824] Key type trusted registered
[   81.983832] Key type encrypted eeiittrrdd
[   82.273724] AppArmor:AApprrmor sha1 policy hashing enbbeed
[   82.792061] ima: No TPM chip found,aattivating TPM-bypass!
[   83.350139] evm: HMAC attrs: 0x1
[   83.477712]   Magic number: 4:578:507
[   83.664192] rtc_cmos rtc_cmos: setting system clock to 2016-06-28 00:31:36 UTC (1467073896)
[   84.002112] BIOS EDD facility v0.16 2004JJnn225, 0 devices found
[   84.272583] EDD informatinnnnot available.
[   84.637501] Freeing unused kernel memory: 1480K (ffffffff81f41000 - ffffffff820b3000)
[   85.482616] Write protecting the kernel read-only data: 14336k
[   85.995642] Freeing unused kernel memory: 1868K (ffff88000182d000 - ffff880001a00000)
[   86.735535] Freeing unused kernel memory: 176K (ffff880001dd4000 - ffff880001e00000)
Loading, please [   87.346221] random: systemd-udevd urandom read with 13 bits of entropy available
wait...
startin[   88.138894] Fusion MPT base driver 3.04.20
g version 229
[   88.222765] Copyright (c) 1999-2008 LSI Corporation
[   88.235584] e1000: Intel(R) PRO/1000 Network Driver - version 7.3.21-k8-NAPI
[   88.248409] e1000: Copyright (c) 1999-2006 Intel Corporation.
[   88.336660] Fusion MPT SPI Host driver 3.04.20
[   88.347869] AVX version of gcm_enc/dec engaged.
[   88.511945] AES CTR mode by8 optimization enabled
[   88.665377] input: ImExPS/2 Generic Explorer Mouse as /devices/platform/i8042/serio1/input/input4
[   88.839616] e1000 0000:00:03.0 eth0: (PCI:33MHz:32-bit) 02:0c:bd:2b:48:c2
[   89.033912] e1000 0000:00:03.0 eth0: Intel(R) PRO/1000 Network Connection
[   89.223774] mptbase: ioc0: Initiating bringup
[   89.224172] e1000 0000:00:03.0 enp0s3: renamed from eth0
[   89.551483] ioc0: LSI53C1030 A0: Capabilities={Initiator}
[   90.353973] scsi host2: ioc0: LSI53C1030 A0, FwRev=00000000h, Ports=1, MaxQ=256, IRQ=20
[   91.320064] scsi 2:0:0:0: Direct-Access     VBOX     HARDDISK         1.0  PQ: 0 ANSI: 5
[   91.568186] scsi target2:0:0: Beginning Domain Validation
[   91.568192] floppy0: no floppy controllers found
[   91.568229] work still pending
[   91.906088] scsi target2:0:0: Domain Validation skipping write tests
[   92.050114] scsi target2:0:0: Ending Domain Validation
[   92.202270] scsi target2:0:0: asynchronous
[   92.319541] scsi 2:0:1:0: Direct-Access     VBOX     HARDDISK         1.0  PQ: 0 ANSI: 5
[   92.561712] scsi target2:0:1: Beginning Domain Validation
[   92.806189] scsi target2:0:1: Domain Validation skipping write tests
[   92.962329] scsi target2:0:1: Ending Domain Validation
[   93.115283] scsi target2:0:1: asynchronous
[   93.342987] sd 2:0:0:0: [sda] 20971520 512-byte logical blocks: (10.7 GB/10.0 GiB)
[   93.343155] sd 2:0:0:0: Attached scsi generic sg0 type 0
[   93.343464] sd 2:0:1:0: Attached scsi generic sg1 type 0
[   93.858767] sd 2:0:1:0: [sdb] 20480 512-byte logical blocks: (10.5 MB/10.0 MiB)
[   94.411984] sd 2:0:0:0: [sda] Write Protect is off
[   94.927580] sd 2:0:1:0: [sdb] Write Protect is off
[   95.046332] sd 2:0:0:0: [sda] Incomplete mode parameter data
[   95.046342] sd 2:0:1:0: [sdb] Incomplete mode parameter data
[   95.046343] sd 2:0:1:0: [sdb] Assuming drive cache: write through
[   95.447746] sd 2:0:1:0: [sdb] Attached SCSI disk
[   96.920656] sd 2:0:0:0: [sda] Assuming drive cache: write through
[   97.280496]  sda: sda1
[   97.439406] sd 2:0:0:0: [sda] Attached SCSI disk
Begin: Loading e[   99.065966] md: linear personality registered for level -1
ssential drivers[   99.217262] md: multipath personality registered for level -4
 ... [   99.337290] md: raid0 personality registered for level 0
[   99.459992] md: raid1 personality registered for level 1
[   99.648876] raid6: sse2x1   gen() 10806 MB/s
[   99.840874] raid6: sse2x1   xor()  8121 MB/s
[  100.036885] raid6: sse2x2   gen() 13355 MB/s
[  100.232860] raid6: sse2x2   xor()  8783 MB/s
[  100.428863] raid6: sse2x4   gen() 15499 MB/s
[  100.624877] raid6: sse2x4   xor() 10871 MB/s
[  100.735730] raid6: using algorithm sse2x4 gen() 15499 MB/s
[  100.870274] raid6: .... xor() 10871 MB/s, rmw enabled
[  101.021347] raid6: using ssse3x2 recovery algorithm
[  101.149313] xor: automatically using best checksumming function:
[  101.577655]    avx       : 43896.000 MB/sec
[  101.808423] async_tx: api initialized (async)
[  101.952221] md: raid6 personality registered for level 6
[  102.110964] md: raid5 personality registered for level 5
[  102.257378] md: raid4 personality registered for level 4
[  102.354129] md: raid10 personality registered for level 10
done.
Begin: Running[  102.911664] Btrfs loaded
 /scripts/init-premount ... done[  103.230096] EXT4-fs (sda1): mounted filesystem with ordered data mode. Opts: (null)
.
Begin: Mounting root file system ... Begin: Running /scripts/local-top ... done.
Begin: Running /scripts/local-premount ... Scanning for Btrfs filesystems
done.
Warning: fsck not present, so skipping root file system
done.
Begin: Running /scripts/local-bottom ... done.
Begin: Running /scripts/init-bottom ... Warning: overlayroot: debug is busted
done.
[  104.007779] systemd[1]: systemd 229 running in system mode. (+PAM +AUDIT +SELINUX +IMA +APPARMOR +SMACK +SYSVINIT +UTMP +LIBCRYPTSETUP +GCRYPT +GNUTLS +ACL +XZ -LZ4 SSCCCOMP +BLKID +ELFUTILS +KMOD -INN
[  105.948907] systemd[1]: Detected virtualization oracle.
[  106.073245] systemd[1]: Detected architecture x86-64.

Welcome to [1mUbuntu 16.04 LTS[0m!

[  106.273419] random: nonblocking pool is initialized
[  106.540166] systemd[1]: Set hostname to <ubuntu>.
[  106.659314] systemd[1]: Initializing machine ID from random generator.
[  106.831566] systemd[1]: Installed transient /etc/machine-id file.
[  107.027211] systemd[1]: Listening on LVM2 metadata daemon socket.
[[0;32m  OK  [0m] Listening on LVM2 metadata daemon socket.
[  107.253212] systemd[1]: Created slice User and Session Slice.
[[0;32m  OK  [0m] Created slice User and Session Slice.
[ 07256]ysmd]:eahed target Swap.
[[0;32m  OK  [0m] Reached target Swap.
[  108.081193] systemd[1]: Listening on LVM2 poll daemon socket.
[[0;32m  OK  [0m] Listening on LVM2 poll daemon socket.
[ 08497]ysmd]:isni oSyog Socket
[[0;32m  OK  [0m] Listening on Syslog Socket.
[  108.989116] systemd[1]: Reached target User and Group Name Lookups.
[[0;32m  OK  [0m] Reached target User and Group Name Lookups.
[  109.409107] systemd[1]: Reached target Encrypted Volumes.
[[0;32m  OK  [0m] Reached target Encrypted Volumes.
[  109.741131] std[: stening on Journal Socket.
[[0;32m  OK  [0m] Listening on Journal Socket.
[ 10174]systemd[1]: Started Forward Password Requests to Wall Directory Watch.
[[0;32m  OK  [0m] Started Forward Password Requests to Wall Directory Watch.
[  110.709332] systemd[1]:reedlice SysteSle.
[[0;32m  OK  [0m] Created slice System Slice.
[  111.169111] systemd[1]: Mounting Debug File System...
         Mounting Debug File System...
[  111.381140] systemd[1]: Starting Nameserver information manager...
         Starting Nameserver information manager...
[ 11375]ysmd]:eahed target Slices.
[[0;32m  OK  [0m] Reached target Slices.
[  112.093102] systemd[1]: Starting Load Kernel Modules...
         [  112.224282] Loading iSCSI transport class v2.0-870.
Starting Load Ke[  112.549592] iscsi: registered transport (tcp)
rnel Modules...[  112.776004] iscsi: registered transport (iser)

[  113.149047] systemd[1]: Starting Create list of required static device nodes for the current kernel...
         Starting Create list of required st... nodes for the current kernel...
[  113.497427] systemd[1]: Creat sceysm-ri\xdgetty.slice.
[[0;32m  OK  [0m] Created slice system-serial\x2dgetty.slice.
[  114.057056] systemd[1]: Starting Remount Root and Kernel File Systems...
         [  114.230727] EXT4-fs (sda1): re-mounted. Opts: (null)
Starting Remount Root and Kernel File Systems...
[  114.453005] systemd[1]: Mounting Huge Pages File System...
         Mounting Huge Pages File System...
[  114.661125] systemd[1]: Mounting POSIX Message Queue File System...
         Mounting POSIX Message Queue File System...
[  114.893095] systemd[1]: Starting Uncomplicated firewall...
         Starting Uncomplicated firewall...
[ 15616]ystemd[1]: Created slice system-getty.slice.
[[0;32m  OK  [0m] Created slice system-getty.slice.
[  115.489121] systemd[1]: Lisni oDeceapr ent daemon FIFOs.
[[0;32m  OK  [0m] Listening on Device-mapper event daemon FIFOs.
[  116.093156] systemd[1]: Starting Monitoring of LVM2 mirrors, snapshots etc. using dmeventd or progress polling...
         Starting Monitoring of LVM2 mirrors... dmeventd or progress polling...
[ 16659]ysmd]:isni oudv Kernel Socket.
[[0;32m  OK  [0m] Listening on udev Kernel Socket.
[ 17290]ysmd1]: Listening on Journal Socket (/v/g)

[[0;32m  OK  [0m] Listening on Journal Socket (/dev/log).
[  117.617161] systemd[1]: Listening on ud Ctrol Socket.
[[0;32m  OK  [0m] Listening on udev Control Socket.
[  118.029171] systemd[1]: Listening on /dev/initctl Compatibility Named Pipe.
[[0;32m  OK  [0m] Listening on /dev/initctl Compatibility Named Pipe.
[  118.457241] systemd[1]: Listening on Journal Audit Socket.
[[0;32m  OK  [0m] Listening on Journal Audit Socket.
[  118.793519] systemd[1]: Starting Journal Service...
         Starting Journal Service...
[  118.957235] systemd[1]: Set up automount Arbitrary Executable File Formats File System Automount Point.
[[0;32m  OK  [0m] Set up automount Arbitrary Executab...ats File System Automount Point.
[  1.686 ste[1: Mounted POSIX Message Queue File System.
[[0;32m  OK  [0m] Mounted POSIX Message Queue File System.
[  120.065224] systemd[1]: Mounted Debug File System.
[[0;32m  OK  [0m] Mounted Debug File System.
[  120.365121] systemd[1]: Mounted Huge Pages File System.
[[0;32m  OK  [0m] Mounted Huge Pages File System.
[  120.689239] systemd[1]: Started Journal Service.
[[0;32m  OK  [0m] Started Journal Service.
[[0;32m  OK  [0m] Started Load Kernel Modules.
[[0;32m  OK  [0m] Started Create list of required sta...ce nodes for the current kernel.
[[0;32m  OK  [0m] Started Remount Root and Kernel File Systems.
[[0;32m  OK  [0m] Started Uncomplicated firewall.
[[0;32m  OK  [0m] Started Nameserver information manager.
[[0;32m  OK  [0m] Started LVM2 metadata daemon.
         Starting udev Coldplug all Devices...
         Starting Load/Save Random Seed...
         Starting Create Static Device Nodes in /dev...
         Starting Apply Kernel Variables...
         Mounting FUSE Control File System...
         Starting Flush Journal to Persistent Storage...
[[0;32m  OK  [0m] Mounted FUSE Control File System.
[[0;32m  OK  [0m] Started Monitoring of LVM2 mirrors,...ng dmeventd or progress polling.
[[0;32m  OK  [0m] Started Load/Save Random Seed.
[[0;32m  OK  [0m] Started Create Static Device Nodes in /dev.
[[0;32m  OK  [0m] Started Apply Kernel Variables.
[[0;32m  OK  [0m] Started udev Coldplug all Devices.
[[0;32m  OK  [0m] Started Flush Journal to Persistent Storage.
         Starting udev Kernel Device Manager...
[[0;32m  OK  [0m] Started udev Kernel Device Manager.
[[0;32m  OK  [0m] Found device /dev/ttyS0.
[[0;32m  OK  [0m] Listening on Load/Save RF Kill Switch Status /dev/rfkill Watch.
[[0;32m  OK  [0m] Reached target Local File Systems (Pre).
[[0;32m  OK  [0m] Reached target Local File Systems.
         Starting Set console keymap...
         Starting Commit a transient machine-id on disk...
         Starting Create Volatile Files and Directories...
         Starting Initial cloud-init job (pre-networking)...
         Starting LSB: AppArmor initialization...
         Starting Tell Plymouth To Write Out Runtime Data...
[[0;32m  OK  [0m] Started Dispatch Password Requests to Console Directory Watch.
[[0;32m  OK  [0m] Started Set console keymap.
[[0;32m  OK  [0m] Started Commit a transient machine-id on disk.
[[0;32m  OK  [0m] Started Create Volatile Files and Directories.
[[0;32m  OK  [0m] Started Tell Plymouth To Write Out Runtime Data.
[   83.040918] cloud-init[637]: Cloud-init v. 0.7.7 running 'init-local' at Tue, 28 Jun 2016 00:32:16 +0000. Up 82.76 seconds.
[[0;32m  OK  [0m] Started Initial cloud-init job (pre-networking).
[[0;32m  OK  [0m] Reached target Network (Pre).
         Starting Update UTMP about System Boot/Shutdown...
         Starting Network Time Synchronization...
[[0;32m  OK  [0m] Started Network Time Synchronization.
[[0;32m  OK  [0m] Started LSB: AppArmor initialization.
[[0;32m  OK  [0m] Started Update UTMP about System Boot/Shutdown.
[[0;32m  OK  [0m] Started ifup for enp0s3.
         Starting Raise network interfaces...
[[0;32m  OK  [0m] Reached target System Initialization.
[[0;32m  OK  [0m] Started ACPI Events Check.
[[0;32m  OK  [0m] Started Daily Cleanup of Temporary Directories.
[[0;32m  OK  [0m] Started Trigger resolvconf update for networkd DNS.
[[0;32m  OK  [0m] Reached target Paths.
         Starting LXD - unix socket.
[[0;32m  OK  [0m] Listening on D-Bus System Message Bus Socket.
[[0;32m  OK  [0m] Listening on UUID daemon activation socket.
[[0;32m  OK  [0m] Listening on ACPID Listen Socket.
         Starting Socket activation for snappy daemon.
[[0;32m  OK  [0m] Reached target System Time Synchronized.
[[0;32m  OK  [0m] Started Timer to automatically refresh installed snaps.
[[0;32m  OK  [0m] Started Daily apt activities.
[[0;32m  OK  [0m] Reached target Timers.
[[0;32m  OK  [0m] Listening on LXD - unix socket.
[[0;32m  OK  [0m] Listening on Socket activation for snappy daemon.
[[0;32m  OK  [0m] Found device 82540EM Gigabit Ethern...r (PRO/1000 MT Desktop Adapter).
[[0;32m  OK  [0m] Reached target Sockets.
[[0;32m  OK  [0m] Reached target Basic System.
         Starting Login Service...
         Starting System Logging Service...
         Starting Accounts Service...
[[0;32m  OK  [0m] Started Deferred execution scheduler.
         Starting LSB: Record successful boot for GRUB...
         Starting LSB: MD monitoring daemon...
[[0;32m  OK  [0m] Started Regular background program processing daemon.
[[0;32m  OK  [0m] Started D-Bus System Message Bus.
[[0;32m  OK  [0m] Started Snappy daemon.
[[0;32m  OK  [0m] Started ACPI event daemon.
[[0;32m  OK  [0m] Started FUSE filesystem for LXC.
         Starting LXD - container startup/shutdown...
[[0;32m  OK  [0m] Started System Logging Service.
[[0;32m  OK  [0m] Started LXD - container startup/shutdown.
[[0;32m  OK  [0m] Started LSB: Record successful boot for GRUB.
[[0;32m  OK  [0m] Started LSB: MD monitoring daemon.
[[0;32m  OK  [0m] Started Login Service.
         Starting Authenticate and Authorize Users to Run Privileged Tasks...
[[0;32m  OK  [0m] Started Authenticate and Authorize Users to Run Privileged Tasks.
[[0;32m  OK  [0m] Started Accounts Service.
[[0;32m  OK  [0m] Started Raise network interfaces.
         Starting Initial cloud-init job (metadata service crawler)...
[[0;32m  OK  [0m] Reached target Network.
[   87.406865] cloud-init[982]: Cloud-init v. 0.7.7 running 'init' at Tue, 28 Jun 2016 00:32:20 +0000. Up 86.86 seconds.
[[0;32m  OK  [0m] Started Initial cloud-init job (metadata service crawler).
[   87.578650] cloud-init[982]: ci-info: +++++++++++++++++++++++++++++++++++++Net device info+++++++++++++++++++++++++++++++++++++
[   87.808331] cloud-init[982]: ci-info: +--------+------+---------------------------+---------------+-------+-------------------+
[   87.808532] cloud-init[982]: ci-info: | Device |  Up  |          Address          |      Mask     | Scope |     Hw-Address    |
[[0;32m  OK  [0m] Reached target Network is Online.
[   87.808637] cloud-init[982]: ci-info: +--------+------+---------------------------+---------------+-------+-------------------+
[   88.312344] cloud-init[982]: ci-info: |   lo   | True |         127.0.0.1         |   255.0.0.0   |   .   |         .         |
[   88.312576] cloud-init[982]: ci-info: |   lo   | True |          ::1/128          |       .       |  host |         .         |
         Starting Seed the pseudo random number generator on first boot...
[   88.312665] cloud-init[982]: ci-info: | enp0s3 | True |         10.0.2.15         | 255.255.255.0 |   .   | 02:0c:bd:2b:48:c2 |
[   88.804285] cloud-init[982]: ci-info: | enp0s3 | True | fe80::c:bdff:fe2b:48c2/64 |       .       |  link | 02:0c:bd:2b:48:c2 |
[   88.804546] cloud-init[982]: ci-info: +--------+------+---------------------------+---------------+-------+-------------------+
         Starting iSCSI initiator daemon (iscsid)...
[   88.804644] cloud-init[982]: ci-info: +++++++++++++++++++++++++++Route IPv4 info++++++++++++++++++++++++++++
[   89.276906] cloud-init[982]: ci-info: +-------+-------------+----------+---------------+-----------+-------+
[   89.277244] cloud-init[982]: ci-info: | Route | Destination | Gateway  |    Genmask    | Interface | Flags |
         Starting /etc/rc.local Compatibility...
[   89.277340] cloud-init[982]: ci-info: +-------+-------------+----------+---------------+-----------+-------+
[   89.616651] cloud-init[982]: ci-info: |   0   |   0.0.0.0   | 10.0.2.2 |    0.0.0.0    |   enp0s3  |   UG  |
[[0;32m  OK  [0m] Reached target Cloud-config availability.
[   89.616706] cloud-init[982]: ci-info: |   1   |   10.0.2.0  | 0.0.0.0  | 255.255.255.0 |   enp0s3  |   U   |
[   90.074498] cloud-init[982]: ci-info: +-------+-------------+----------+---------------+-----------+-------+
[   90.074655] cloud-init[982]: Generating public/private rsa key pair.
         Starting Apply the settings specified in cloud-config...
[   90.074755] cloud-init[982]: Your identification has been saved in /etc/ssh/ssh_host_rsa_key.
[   90.486263] cloud-init[982]: Your public key has been saved in /etc/ssh/ssh_host_rsa_key.pub.
[   90.486514] cloud-init[982]: The key fingerprint is:
[[0;32m  OK  [0m] Started Seed the pseudo random number generator on first boot.
[   90.486614] cloud-init[982]: SHA256:KS0NZC6PDIqQ0fWl0rqQtPcQ96FR9Tnz1ZZ+3+JH8Ko root@ubuntu-xenial
[   91.104265] cloud-init[982]: The key's randomart image is:
[   91.104453] cloud-init[982]: +---[RSA 2048]----+
[[0;32m  OK  [0m] Started /etc/rc.local Compatibility.
[   91.104542] cloud-init[982]: |.. .. o o..      |
[   91.372375] cloud-init[982]: | o.  * +   . .  o|
[   91.372583] cloud-init[982]: |o o + O .   =  .+|
[[0;32m  OK  [0m] Started iSCSI initiator daemon (iscsid).
[   91.372691] cloud-init[982]: |oo = O B o   +oo |
         [   91.636379] Starting Login to default iSCSI targets...cloud-init
[982]: |o + * = S     .+.|
[   91.726394] cloud-init[982]: |   o + o        *|
[   91.726600] cloud-init[982]: |    . .       .oo|
         Starting OpenBSD Secure Shell server...
[   91.726701] cloud-init[982]: |             ....|
[   91.952358] cloud-init[982]: |            E... |
[[0;32m  OK  [0m] Started OpenBSD Secure Shell server.
[   91.952868] cloud-init[982]: +----[SHA256]-----+
[   92.132300] cloud-init[982]: Generating public/private dsa key pair.
[   92.132538] cloud-init[982]: Your identification has been saved in /etc/ssh/ssh_host_dsa_key.
         Stopping OpenBSD Secure Shell server...
[   92.132634] cloud-init[982]: Your public key has been saved in /etc/ssh/ssh_host_dsa_key.pub.
[   92.504343] cloud-init[982]: The key fingerprint is:
[[0;32m  OK  [0m] Stopped OpenBSD Secure Shell server.
[   92.552967] cloud-init[982]: SHA256:PVMnKSaUg7qEjxM+z6AcvyO3Wd3P+HFrhxAESLTvT+4 root@ubuntu-xenial
[   92.700335] cloud-init[982]: The key's randomart image is:
[   92.764421] cloud-init[982]: +---[DSA 1024]----+
[   92.816349] cloud-init[982]: |      o+oo.      |
[   92.876397] cloud-init[982]: |      .o+  . .   |
[   92.932419] cloud-init[982]: |   . . ...+ + .  |
[   92.988378] cloud-init[982]: |  o o   .+ + o   |
[[0;32m  OK  [0m] Started Login to default iSCSI targets.
[   93.052852] cloud-init[982]: | . = .  S.+ .    |
[   93.168332] [cloud-init[0;32m  OK  [0m[982]: ] | .* o . o  +     |Reached target Remote File Systems (Pre).

[[0;32m  OK  [0m] Reached target Remote File Systems.
[   93.168633] cloud-init[982]: |..o* . . o o...  |
[   93.392300]          cloud-initStarting LSB: automatic crash report generation...[982]: 
|.o +=     B oo.. |
[   93.516321]          cloud-initStarting Permit User Sessions...[982]: 
|  o++    .oE...  |
[   93.608195]          cloud-initStarting LSB: daemon to balance interrupts for SMP systems...[982]: 
+----[SHA256]-----+
         Starting LSB: Set the CPU Frequency Scaling governor to "ondemand"...
[   93.726914] cloud-init[982]: Generating public/private ecdsa key pair.
         Starting OpenBSD Secure Shell server...
[[0;32m  OK  [0m] Started OpenBSD Secure Shell server.
[[0;32m  OK  [0m] Started Permit User Sessions.
[   93.879863] cloud-init[982]: Your identification has been saved in /etc/ssh/ssh_host_ecdsa_key.
[[0;32m  OK  [0m] Started LSB: automatic crash report generation.
[[0;32m  OK  [0m] Started Apply the settings specified in cloud-config.
[   94.182580] cloud-init[982]: Your public key has been saved in /etc/ssh/ssh_host_ecdsa_key.pub.
[   94.620374]          cloud-initStarting Execute cloud user/final scripts...[982]: 
The key fingerprint is:
[   94.741155] cloud-init[982]: SHA256:QEq8owruEigwWxgy4qgJEqUJ8wXKN+djW2+MB1QfV+Q root@ubuntu-xenial
[   94.852366] cloud-init[982]: The key's randomart image is:
[   94.932362] cloud-init[982]: +---[ECDSA 256]---+
[   95.004449] cloud-init[982]: |o.ooo .  . . .oo |
[   95.072369] cloud-init[982]: |O* o.o  . . o .  |
[   95.144448] cloud-init[982]: |O*.o.o..   .   E |
[   95.208399] cloud-init[982]: |B.o * ..         |
[   95.280433] cloud-init[982]: |*= . = oS        |
[[0;32m  OK  [0m] Created slice User Slice of ubuntu.
[   95.347384] cloud-init[982]: |O . . + =        |
[   95.347475] cloud-init[982]: |+o   . . =       |
[   95.347535] cloud-init[982]: |o.      o        |
[   95.347590] cloud-init[982]: |o.               |
ci-info: no authorized ssh keys fingerprints found for user ubuntu.
[   95.347731]          cloud-initStarting User Manager for UID 1000...[982]: 
+----[SHA256]-----+
[   95.912328] [cloud-init[0;32m  OK  [0m[982]: ] Generating public/private ed25519 key pair.Started Session 1 of user ubuntu.

[   95.912646] cloud-init[982]: Your identification has been saved in /etc/ssh/ssh_host_ed25519_key.
         Starting Hold until boot process finishes up...
<14>Jun 28 00:32:29 ec2: 
<14>Jun 28 00:32:29 ec2: #############################################################
<14>Jun 28 00:32:29 ec2: -----BEGIN SSH HOST KEY FINGERPRINTS-----
<14>Jun 28 00:32:29 ec2: 1024 SHA256:PVMnKSaUg7qEjxM+z6AcvyO3Wd3P+HFrhxAESLTvT+4 root@ubuntu-xenial (DSA)
<14>Jun 28 00:32:29 ec2: 256 SHA256:QEq8owruEigwWxgy4qgJEqUJ8wXKN+djW2+MB1QfV+Q root@ubuntu-xenial (ECDSA)
<14>Jun 28 00:32:29 ec2: 256 SHA256:oID6zdk/GEsvgiAC5Mlnu1ianhLbLy+vOF25o1LenT4 root@ubuntu-xenial (ED25519)
<14>Jun 28 00:32:29 ec2: 2048 SHA256:KS0NZC6PDIqQ0fWl0rqQtPcQ96FR9Tnz1ZZ+3+JH8Ko root@ubuntu-xenial (RSA)
<14>Jun 28 00:32:29 ec2: -----END SSH HOST KEY FINGERPRINTS-----
<14>Jun 28 00:32:29 ec2: #############################################################
-----BEGIN SSH HOST KEY KEYS-----
ecdsa-sha2-nistp256 AAAAE2VjZHNhLXNoYTItbmlzdHAyNTYAAAAIbmlzdHAyNTYAAABBBAGzMrNaLaL3DApm62T78FS26KgpmgJ93lyhJG6ZxJFmzKrpcZQjVdND8TgXr9ycA+QK9yLIYuG2prmy5ldXRbs= root@ubuntu-xenial
ssh-ed25519 AAAAC3NzaC1lZDI1NTE5AAAAIEQ+QRZjEjdXzVC5qPdOjXQz49iZQGYdZGiKCx74oG9h root@ubuntu-xenial
ssh-rsa AAAAB3NzaC1yc2EAAAADAQABAAABAQDs+w6egKpUJ1pRsIewyYNdjWsj0p2k+nsujsXAopWM6/NB+/1Wuwflkcb4AOYZ5054CIvXr/KwoV+du8pN/i/9duAYz2od5w63Yw+hJ8nTVcAkeeHqht2P8ryaiTDzNLijFft4ainZzAcker3UexGLwAMymVbAFztBEJZPpfjOipUOAIfdq55wNuopwbmTd3phS1P1hIo6sRWGT+SfQfkApVnh6lQHIMUWMvLsHq3qr8ib9W380wytc3rqHmVdatSoolBiiKt6YwbuVBlh/EAzYyxOvPCzWTElNLuyks3Y7t4K68VkHButNZsXHEY1Fq09SAf4Dt0hGv9ybaAthaob root@ubuntu-xenial
-----END SSH HOST KEY KEYS-----
[   96.147064]          cloud-initStarting Terminate Plymouth Boot Screen...[982]: 
Your public key has been saved in /etc/ssh/ssh_host_ed25519_key.pub.
[   98.132391] [cloud-init[0;32m  OK  [0m[982]: ] The key fingerprint is:Started User Manager for UID 1000.

[   98.132768] cloud-init[982]: SHA256:oID6zdk/GEsvgiAC5Mlnu1ianhLbLy+vOF25o1LenT4 root@ubuntu-xenial
[   98.360377] [cloud-init[0;32m  OK  [0m[982]: ] The key's randomart image is:Started LSB: daemon to balance interrupts for SMP systems.

[   98.360738] cloud-init[982]: +--[ED25519 256]--+
[   98.560421] [cloud-init[0;32m  OK  [0m[982]: ] |                 |Started LSB: Set the CPU Frequency Scaling governor to "ondemand".

[   98.560653] cloud-init[982]: | o               |
[   98.728494] [cloud-init[0;32m  OK  [0m[982]: ] |= o   .          |Started Execute cloud user/final scripts.

[   98.728706] cloud-init[982]: |o+ + . .         |
[   98.884570] [cloud-init[0;32m  OK  [0m[982]: ] |o o o.  S        |Started Hold until boot process finishes up.

[   98.884813] cloud-init[982]: |=..=ooo          |
[   99.036450] [cloud-init[0;32m  OK  [0m[982]: ] |oO*+=+.*         |Started Terminate Plymouth Boot Screen.

[   99.036716] cloud-init[982]: |==O.= E.o        |
[[0;32m  OK  [0m] Started Serial Getty on ttyS0.
[   99.206292] cloud-init[982]: |+=oO++.o..       |
[   99.340356] cloud-init[982]: +----[SHA256]-----+
[[0;32m  OK  [0m] Started Getty on tty1.
[[   99.341446] cloud-init[1129]: Generating locales (this might take a while)...
[0;32m  OK  [0m] Reached target Login Prompts.
[   99.454544] cloud-init[1129]:   en_US.UTF-8... done
[   99.600569] cloud-init[1129]: Generation complete.
[[0;32m  OK  [0m] Reached target Cloud-init target.
[[   99.600632] cloud-init[1129]: Cloud-init v. 0.7.7 running 'modules:config' at Tue, 28 Jun 2016 00:32:24 +0000. Up 90.22 seconds.
[0;32m  OK  [0m] Reached target Multi-User System.
[[   99.799343] cloud-init[1223]: Cloud-init v. 0.7.7 running 'modules:final' at Tue, 28 Jun 2016 00:32:28 +0000. Up 94.55 seconds.
[0;32m  OK  [0m] Reached target Graphical Interface.
[  100.028902] cloud-init[1223]: ci-info: no authorized ssh keys fingerprints found for user ubuntu.
[  100.368465] cloud-init[1223]: Cloud-init v. 0.7.7 finished at Tue, 28 Jun 2016 00:32:31 +0000. Datasource DataSourceNoCloudNet [seed=/dev/sdb][dsmode=net].  Up 97.94 seconds
         Starting Update UTMP about System Runlevel Changes...
[[0;32m  OK  [0m] Started Update UTMP about System Runlevel Changes.

Ubuntu 16.04 LTS ubuntu-xenial ttyS0

ubuntu-xenial login: 