0 info it worked if it ends with ok
1 verbose cli [ '/usr/bin/nodejs', '/usr/bin/npm', 'i', '--save', 'jawsjs' ]
2 info using npm@1.4.21
3 info using node@v4.2.3
4 verbose cache add [ 'jawsjs', null ]
5 verbose cache add name=undefined spec="jawsjs" args=["jawsjs",null]
6 verbose parsed url Url {
6 verbose parsed url   protocol: null,
6 verbose parsed url   slashes: null,
6 verbose parsed url   auth: null,
6 verbose parsed url   host: null,
6 verbose parsed url   port: null,
6 verbose parsed url   hostname: null,
6 verbose parsed url   hash: null,
6 verbose parsed url   search: null,
6 verbose parsed url   query: null,
6 verbose parsed url   pathname: 'jawsjs',
6 verbose parsed url   path: 'jawsjs',
6 verbose parsed url   href: 'jawsjs' }
7 silly lockFile 1ceba80d-jawsjs jawsjs
8 verbose lock jawsjs /home/banjocat/.npm/1ceba80d-jawsjs.lock
9 silly lockFile 1ceba80d-jawsjs jawsjs
10 silly lockFile 1ceba80d-jawsjs jawsjs
11 verbose addNamed [ 'jawsjs', '' ]
12 verbose addNamed [ null, '*' ]
13 silly lockFile b51c3dfe-jawsjs jawsjs@
14 verbose lock jawsjs@ /home/banjocat/.npm/b51c3dfe-jawsjs.lock
15 silly addNameRange { name: 'jawsjs', range: '*', hasData: false }
16 verbose request where is /jawsjs
17 verbose request registry https://registry.npmjs.org/
18 verbose request id 95e7be07992c0911
19 verbose url raw /jawsjs
20 verbose url resolving [ 'https://registry.npmjs.org/', './jawsjs' ]
21 verbose url resolved https://registry.npmjs.org/jawsjs
22 verbose request where is https://registry.npmjs.org/jawsjs
23 info trying registry request attempt 1 at 11:40:30 AM
24 http GET https://registry.npmjs.org/jawsjs
25 http 404 https://registry.npmjs.org/jawsjs
26 silly registry.get cb [ 404,
26 silly registry.get   { 'content-type': 'application/json',
26 silly registry.get     'cache-control': 'max-age=0',
26 silly registry.get     'content-length': '2',
26 silly registry.get     'accept-ranges': 'bytes',
26 silly registry.get     date: 'Wed, 23 Dec 2015 16:40:30 GMT',
26 silly registry.get     via: '1.1 varnish',
26 silly registry.get     age: '0',
26 silly registry.get     connection: 'close',
26 silly registry.get     'x-served-by': 'cache-iad2123-IAD',
26 silly registry.get     'x-cache': 'MISS',
26 silly registry.get     'x-cache-hits': '0',
26 silly registry.get     'x-timer': 'S1450888830.776839,VS0,VE88' } ]
27 silly lockFile b51c3dfe-jawsjs jawsjs@
28 silly lockFile b51c3dfe-jawsjs jawsjs@
29 error 404 Not Found
29 error 404
29 error 404 'jawsjs' is not in the npm registry.
29 error 404 You should bug the author to publish it
29 error 404
29 error 404 Note that you can also install from a
29 error 404 tarball, folder, or http url, or git url.
30 error System Linux 3.14.0
31 error command "/usr/bin/nodejs" "/usr/bin/npm" "i" "--save" "jawsjs"
32 error cwd /home/banjocat/mywebsite/flask-website/static
33 error node -v v4.2.3
34 error npm -v 1.4.21
35 error code E404
36 verbose exit [ 1, true ]
